0 verbose cli D:\NodeJs\node.exe C:\Users\Mimanchi\AppData\Roaming\npm\node_modules\npm\bin\npm-cli.js
1 info using npm@11.11.1
2 info using node@v24.3.0
3 silly config load:file:C:\Users\Mimanchi\AppData\Roaming\npm\node_modules\npm\npmrc
4 silly config load:file:E:\Desktop\MyBlog\.npmrc
5 silly config load:file:C:\Users\Mimanchi\.npmrc
6 silly config load:file:C:\Users\Mimanchi\AppData\Roaming\npm\etc\npmrc
7 verbose title npm install pagefind
8 verbose argv "install" "--save-dev" "pagefind"
9 verbose logfile logs-max:10 dir:E:\Desktop\MyBlog\.npm-cache\_logs\2026-03-21T06_30_19_678Z-
10 verbose logfile E:\Desktop\MyBlog\.npm-cache\_logs\2026-03-21T06_30_19_678Z-debug-0.log
11 silly logfile start cleaning logs, removing 1 files
12 silly logfile done cleaning log files
13 silly packumentCache heap:4496293888 maxSize:1124073472 maxEntrySize:562036736
14 verbose shrinkwrap failed to load node_modules/.package-lock.json out of date, updated: node_modules
15 silly idealTree buildDeps
16 silly fetch manifest pagefind@*
17 silly packumentCache full:https://registry.npmjs.org/pagefind cache-miss
18 http fetch GET 200 https://registry.npmjs.org/pagefind 1403ms (cache miss)
19 silly packumentCache full:https://registry.npmjs.org/pagefind set size:undefined disposed:false
20 silly placeDep ROOT pagefind@1.4.0 OK for: temp-blog@0.0.1 want: *
21 silly fetch manifest @pagefind/linux-x64@1.4.0
22 silly packumentCache full:https://registry.npmjs.org/@pagefind%2flinux-x64 cache-miss
23 silly fetch manifest @pagefind/darwin-x64@1.4.0
24 silly packumentCache full:https://registry.npmjs.org/@pagefind%2fdarwin-x64 cache-miss
25 silly fetch manifest @pagefind/freebsd-x64@1.4.0
26 silly packumentCache full:https://registry.npmjs.org/@pagefind%2ffreebsd-x64 cache-miss
27 silly fetch manifest @pagefind/linux-arm64@1.4.0
28 silly packumentCache full:https://registry.npmjs.org/@pagefind%2flinux-arm64 cache-miss
29 silly fetch manifest @pagefind/windows-x64@1.4.0
30 silly packumentCache full:https://registry.npmjs.org/@pagefind%2fwindows-x64 cache-miss
31 silly fetch manifest @pagefind/darwin-arm64@1.4.0
32 silly packumentCache full:https://registry.npmjs.org/@pagefind%2fdarwin-arm64 cache-miss
33 http fetch GET 200 https://registry.npmjs.org/@pagefind%2flinux-x64 347ms (cache miss)
34 silly packumentCache full:https://registry.npmjs.org/@pagefind%2flinux-x64 set size:undefined disposed:false
35 http fetch GET 200 https://registry.npmjs.org/@pagefind%2ffreebsd-x64 1043ms (cache miss)
36 silly packumentCache full:https://registry.npmjs.org/@pagefind%2ffreebsd-x64 set size:undefined disposed:false
37 http fetch GET 200 https://registry.npmjs.org/@pagefind%2fdarwin-arm64 1073ms (cache miss)
38 silly packumentCache full:https://registry.npmjs.org/@pagefind%2fdarwin-arm64 set size:undefined disposed:false
39 http fetch GET 200 https://registry.npmjs.org/@pagefind%2fwindows-x64 1080ms (cache miss)
40 silly packumentCache full:https://registry.npmjs.org/@pagefind%2fwindows-x64 set size:undefined disposed:false
41 http fetch GET 200 https://registry.npmjs.org/@pagefind%2fdarwin-x64 1113ms (cache miss)
42 silly packumentCache full:https://registry.npmjs.org/@pagefind%2fdarwin-x64 set size:undefined disposed:false
43 http fetch GET 200 https://registry.npmjs.org/@pagefind%2flinux-arm64 1232ms (cache miss)
44 silly packumentCache full:https://registry.npmjs.org/@pagefind%2flinux-arm64 set size:undefined disposed:false
45 silly placeDep ROOT @pagefind/darwin-arm64@1.4.0 OK for: pagefind@1.4.0 want: 1.4.0
46 silly placeDep ROOT @pagefind/darwin-x64@1.4.0 OK for: pagefind@1.4.0 want: 1.4.0
47 silly placeDep ROOT @pagefind/freebsd-x64@1.4.0 OK for: pagefind@1.4.0 want: 1.4.0
48 silly placeDep ROOT @pagefind/linux-arm64@1.4.0 OK for: pagefind@1.4.0 want: 1.4.0
49 silly placeDep ROOT @pagefind/linux-x64@1.4.0 OK for: pagefind@1.4.0 want: 1.4.0
50 silly placeDep ROOT @pagefind/windows-x64@1.4.0 OK for: pagefind@1.4.0 want: 1.4.0
51 silly reify moves {}
52 silly audit bulk request {
52 silly audit   '@astrojs/compiler': [ '3.0.1' ],
52 silly audit   '@astrojs/internal-helpers': [ '0.8.0' ],
52 silly audit   '@astrojs/markdown-remark': [ '7.0.1' ],
52 silly audit   '@astrojs/mdx': [ '5.0.2' ],
52 silly audit   '@astrojs/prism': [ '4.0.1' ],
52 silly audit   '@astrojs/rss': [ '4.0.17' ],
52 silly audit   '@astrojs/sitemap': [ '3.7.1' ],
52 silly audit   '@astrojs/telemetry': [ '3.3.0' ],
52 silly audit   '@babel/helper-string-parser': [ '7.27.1' ],
52 silly audit   '@babel/helper-validator-identifier': [ '7.28.5' ],
52 silly audit   '@babel/parser': [ '7.29.2' ],
52 silly audit   '@babel/types': [ '7.29.0' ],
52 silly audit   '@capsizecss/unpack': [ '4.0.0' ],
52 silly audit   '@clack/core': [ '1.1.0' ],
52 silly audit   '@clack/prompts': [ '1.1.0' ],
52 silly audit   '@emnapi/runtime': [ '1.9.1' ],
52 silly audit   '@esbuild/aix-ppc64': [ '0.27.4' ],
52 silly audit   '@esbuild/android-arm': [ '0.27.4' ],
52 silly audit   '@esbuild/android-arm64': [ '0.27.4' ],
52 silly audit   '@esbuild/android-x64': [ '0.27.4' ],
52 silly audit   '@esbuild/darwin-arm64': [ '0.27.4' ],
52 silly audit   '@esbuild/darwin-x64': [ '0.27.4' ],
52 silly audit   '@esbuild/freebsd-arm64': [ '0.27.4' ],
52 silly audit   '@esbuild/freebsd-x64': [ '0.27.4' ],
52 silly audit   '@esbuild/linux-arm': [ '0.27.4' ],
52 silly audit   '@esbuild/linux-arm64': [ '0.27.4' ],
52 silly audit   '@esbuild/linux-ia32': [ '0.27.4' ],
52 silly audit   '@esbuild/linux-loong64': [ '0.27.4' ],
52 silly audit   '@esbuild/linux-mips64el': [ '0.27.4' ],
52 silly audit   '@esbuild/linux-ppc64': [ '0.27.4' ],
52 silly audit   '@esbuild/linux-riscv64': [ '0.27.4' ],
52 silly audit   '@esbuild/linux-s390x': [ '0.27.4' ],
52 silly audit   '@esbuild/linux-x64': [ '0.27.4' ],
52 silly audit   '@esbuild/netbsd-arm64': [ '0.27.4' ],
52 silly audit   '@esbuild/netbsd-x64': [ '0.27.4' ],
52 silly audit   '@esbuild/openbsd-arm64': [ '0.27.4' ],
52 silly audit   '@esbuild/openbsd-x64': [ '0.27.4' ],
52 silly audit   '@esbuild/openharmony-arm64': [ '0.27.4' ],
52 silly audit   '@esbuild/sunos-x64': [ '0.27.4' ],
52 silly audit   '@esbuild/win32-arm64': [ '0.27.4' ],
52 silly audit   '@esbuild/win32-ia32': [ '0.27.4' ],
52 silly audit   '@esbuild/win32-x64': [ '0.27.4' ],
52 silly audit   '@img/colour': [ '1.1.0' ],
52 silly audit   '@img/sharp-darwin-arm64': [ '0.34.5' ],
52 silly audit   '@img/sharp-darwin-x64': [ '0.34.5' ],
52 silly audit   '@img/sharp-libvips-darwin-arm64': [ '1.2.4' ],
52 silly audit   '@img/sharp-libvips-darwin-x64': [ '1.2.4' ],
52 silly audit   '@img/sharp-libvips-linux-arm': [ '1.2.4' ],
52 silly audit   '@img/sharp-libvips-linux-arm64': [ '1.2.4' ],
52 silly audit   '@img/sharp-libvips-linux-ppc64': [ '1.2.4' ],
52 silly audit   '@img/sharp-libvips-linux-riscv64': [ '1.2.4' ],
52 silly audit   '@img/sharp-libvips-linux-s390x': [ '1.2.4' ],
52 silly audit   '@img/sharp-libvips-linux-x64': [ '1.2.4' ],
52 silly audit   '@img/sharp-libvips-linuxmusl-arm64': [ '1.2.4' ],
52 silly audit   '@img/sharp-libvips-linuxmusl-x64': [ '1.2.4' ],
52 silly audit   '@img/sharp-linux-arm': [ '0.34.5' ],
52 silly audit   '@img/sharp-linux-arm64': [ '0.34.5' ],
52 silly audit   '@img/sharp-linux-ppc64': [ '0.34.5' ],
52 silly audit   '@img/sharp-linux-riscv64': [ '0.34.5' ],
52 silly audit   '@img/sharp-linux-s390x': [ '0.34.5' ],
52 silly audit   '@img/sharp-linux-x64': [ '0.34.5' ],
52 silly audit   '@img/sharp-linuxmusl-arm64': [ '0.34.5' ],
52 silly audit   '@img/sharp-linuxmusl-x64': [ '0.34.5' ],
52 silly audit   '@img/sharp-wasm32': [ '0.34.5' ],
52 silly audit   '@img/sharp-win32-arm64': [ '0.34.5' ],
52 silly audit   '@img/sharp-win32-ia32': [ '0.34.5' ],
52 silly audit   '@img/sharp-win32-x64': [ '0.34.5' ],
52 silly audit   '@jridgewell/sourcemap-codec': [ '1.5.5' ],
52 silly audit   '@mdx-js/mdx': [ '3.1.1' ],
52 silly audit   '@oslojs/encoding': [ '1.1.0' ],
52 silly audit   '@rollup/pluginutils': [ '5.3.0' ],
52 silly audit   'estree-walker': [ '2.0.2', '3.0.3' ],
52 silly audit   '@rollup/rollup-android-arm-eabi': [ '4.59.0' ],
52 silly audit   '@rollup/rollup-android-arm64': [ '4.59.0' ],
52 silly audit   '@rollup/rollup-darwin-arm64': [ '4.59.0' ],
52 silly audit   '@rollup/rollup-darwin-x64': [ '4.59.0' ],
52 silly audit   '@rollup/rollup-freebsd-arm64': [ '4.59.0' ],
52 silly audit   '@rollup/rollup-freebsd-x64': [ '4.59.0' ],
52 silly audit   '@rollup/rollup-linux-arm-gnueabihf': [ '4.59.0' ],
52 silly audit   '@rollup/rollup-linux-arm-musleabihf': [ '4.59.0' ],
52 silly audit   '@rollup/rollup-linux-arm64-gnu': [ '4.59.0' ],
52 silly audit   '@rollup/rollup-linux-arm64-musl': [ '4.59.0' ],
52 silly audit   '@rollup/rollup-linux-loong64-gnu': [ '4.59.0' ],
52 silly audit   '@rollup/rollup-linux-loong64-musl': [ '4.59.0' ],
52 silly audit   '@rollup/rollup-linux-ppc64-gnu': [ '4.59.0' ],
52 silly audit   '@rollup/rollup-linux-ppc64-musl': [ '4.59.0' ],
52 silly audit   '@rollup/rollup-linux-riscv64-gnu': [ '4.59.0' ],
52 silly audit   '@rollup/rollup-linux-riscv64-musl': [ '4.59.0' ],
52 silly audit   '@rollup/rollup-linux-s390x-gnu': [ '4.59.0' ],
52 silly audit   '@rollup/rollup-linux-x64-gnu': [ '4.59.0' ],
52 silly audit   '@rollup/rollup-linux-x64-musl': [ '4.59.0' ],
52 silly audit   '@rollup/rollup-openbsd-x64': [ '4.59.0' ],
52 silly audit   '@rollup/rollup-openharmony-arm64': [ '4.59.0' ],
52 silly audit   '@rollup/rollup-win32-arm64-msvc': [ '4.59.0' ],
52 silly audit   '@rollup/rollup-win32-ia32-msvc': [ '4.59.0' ],
52 silly audit   '@rollup/rollup-win32-x64-gnu': [ '4.59.0' ],
52 silly audit   '@rollup/rollup-win32-x64-msvc': [ '4.59.0' ],
52 silly audit   '@shikijs/core': [ '4.0.2' ],
52 silly audit   '@shikijs/engine-javascript': [ '4.0.2' ],
52 silly audit   '@shikijs/engine-oniguruma': [ '4.0.2' ],
52 silly audit   '@shikijs/langs': [ '4.0.2' ],
52 silly audit   '@shikijs/primitive': [ '4.0.2' ],
52 silly audit   '@shikijs/themes': [ '4.0.2' ],
52 silly audit   '@shikijs/types': [ '4.0.2' ],
52 silly audit   '@shikijs/vscode-textmate': [ '10.0.2' ],
52 silly audit   '@types/debug': [ '4.1.13' ],
52 silly audit   '@types/estree': [ '1.0.8' ],
52 silly audit   '@types/estree-jsx': [ '1.0.5' ],
52 silly audit   '@types/hast': [ '3.0.4' ],
52 silly audit   '@types/mdast': [ '4.0.4' ],
52 silly audit   '@types/mdx': [ '2.0.13' ],
52 silly audit   '@types/ms': [ '2.1.0' ],
52 silly audit   '@types/nlcst': [ '2.0.3' ],
52 silly audit   '@types/node': [ '24.12.0' ],
52 silly audit   '@types/sax': [ '1.2.7' ],
52 silly audit   '@types/unist': [ '3.0.3', '2.0.11' ],
52 silly audit   '@ungap/structured-clone': [ '1.3.0' ],
52 silly audit   acorn: [ '8.16.0' ],
52 silly audit   'acorn-jsx': [ '5.3.2' ],
52 silly audit   anymatch: [ '3.1.3' ],
52 silly audit   picomatch: [ '2.3.1', '4.0.3' ],
52 silly audit   arg: [ '5.0.2' ],
52 silly audit   argparse: [ '2.0.1' ],
52 silly audit   'aria-query': [ '5.3.2' ],
52 silly audit   'array-iterate': [ '2.0.1' ],
52 silly audit   astring: [ '1.9.0' ],
52 silly audit   astro: [ '6.0.8' ],
52 silly audit   'axobject-query': [ '4.1.0' ],
52 silly audit   bail: [ '2.0.2' ],
52 silly audit   boolbase: [ '1.0.0' ],
52 silly audit   ccount: [ '2.0.1' ],
52 silly audit   'character-entities': [ '2.0.2' ],
52 silly audit   'character-entities-html4': [ '2.1.0' ],
52 silly audit   'character-entities-legacy': [ '3.0.0' ],
52 silly audit   'character-reference-invalid': [ '2.0.1' ],
52 silly audit   chokidar: [ '5.0.0' ],
52 silly audit   'ci-info': [ '4.4.0' ],
52 silly audit   clsx: [ '2.1.1' ],
52 silly audit   'collapse-white-space': [ '2.1.0' ],
52 silly audit   'comma-separated-tokens': [ '2.0.3' ],
52 silly audit   commander: [ '11.1.0' ],
52 silly audit   'common-ancestor-path': [ '2.0.0' ],
52 silly audit   cookie: [ '1.1.1' ],
52 silly audit   'cookie-es': [ '1.2.2' ],
52 silly audit   crossws: [ '0.3.5' ],
52 silly audit   'css-select': [ '5.2.2' ],
52 silly audit   'css-tree': [ '3.2.1', '2.2.1' ],
52 silly audit   'css-what': [ '6.2.2' ],
52 silly audit   csso: [ '5.0.5' ],
52 silly audit   'mdn-data': [ '2.0.28', '2.27.1' ],
52 silly audit   debug: [ '4.4.3' ],
52 silly audit   'decode-named-character-reference': [ '1.3.0' ],
52 silly audit   defu: [ '6.1.4' ],
52 silly audit   dequal: [ '2.0.3' ],
52 silly audit   destr: [ '2.0.5' ],
52 silly audit   'detect-libc': [ '2.1.2' ],
52 silly audit   devalue: [ '5.6.4' ],
52 silly audit   devlop: [ '1.1.0' ],
52 silly audit   diff: [ '8.0.3' ],
52 silly audit   dlv: [ '1.1.3' ],
52 silly audit   'dom-serializer': [ '2.0.0' ],
52 silly audit   entities: [ '4.5.0', '6.0.1' ],
52 silly audit   domelementtype: [ '2.3.0' ],
52 silly audit   domhandler: [ '5.0.3' ],
52 silly audit   domutils: [ '3.2.2' ],
52 silly audit   dset: [ '3.1.4' ],
52 silly audit   'es-module-lexer': [ '2.0.0' ],
52 silly audit   'esast-util-from-estree': [ '2.0.0' ],
52 silly audit   'esast-util-from-js': [ '2.0.1' ],
52 silly audit   esbuild: [ '0.27.4' ],
52 silly audit   'escape-string-regexp': [ '5.0.0' ],
52 silly audit   'estree-util-attach-comments': [ '3.0.0' ],
52 silly audit   'estree-util-build-jsx': [ '3.0.1' ],
52 silly audit   'estree-util-is-identifier-name': [ '3.0.0' ],
52 silly audit   'estree-util-scope': [ '1.0.0' ],
52 silly audit   'estree-util-to-js': [ '2.0.0' ],
52 silly audit   'estree-util-visit': [ '2.0.0' ],
52 silly audit   eventemitter3: [ '5.0.4' ],
52 silly audit   extend: [ '3.0.2' ],
52 silly audit   'fast-xml-builder': [ '1.1.4' ],
52 silly audit   'fast-xml-parser': [ '5.4.1' ],
52 silly audit   fdir: [ '6.5.0' ],
52 silly audit   flattie: [ '1.1.1' ],
52 silly audit   fontace: [ '0.4.1' ],
52 silly audit   fontkitten: [ '1.0.3' ],
52 silly audit   fsevents: [ '2.3.3' ],
52 silly audit   'github-slugger': [ '2.0.0' ],
52 silly audit   h3: [ '1.15.9' ],
52 silly audit   'hast-util-from-html': [ '2.0.3' ],
52 silly audit   'hast-util-from-parse5': [ '8.0.3' ],
52 silly audit   'hast-util-is-element': [ '3.0.0' ],
52 silly audit   'hast-util-parse-selector': [ '4.0.0' ],
52 silly audit   'hast-util-raw': [ '9.1.0' ],
52 silly audit   'hast-util-to-estree': [ '3.1.3' ],
52 silly audit   'hast-util-to-html': [ '9.0.5' ],
52 silly audit   'hast-util-to-jsx-runtime': [ '2.3.6' ],
52 silly audit   'hast-util-to-parse5': [ '8.0.1' ],
52 silly audit   'hast-util-to-text': [ '4.0.2' ],
52 silly audit   'hast-util-whitespace': [ '3.0.0' ],
52 silly audit   hastscript: [ '9.0.1' ],
52 silly audit   'html-escaper': [ '3.0.3' ],
52 silly audit   'html-void-elements': [ '3.0.0' ],
52 silly audit   'http-cache-semantics': [ '4.2.0' ],
52 silly audit   'inline-style-parser': [ '0.2.7' ],
52 silly audit   'iron-webcrypto': [ '1.2.1' ],
52 silly audit   'is-alphabetical': [ '2.0.1' ],
52 silly audit   'is-alphanumerical': [ '2.0.1' ],
52 silly audit   'is-decimal': [ '2.0.1' ],
52 silly audit   'is-docker': [ '3.0.0' ],
52 silly audit   'is-hexadecimal': [ '2.0.1' ],
52 silly audit   'is-inside-container': [ '1.0.0' ],
52 silly audit   'is-plain-obj': [ '4.1.0' ],
52 silly audit   'is-wsl': [ '3.1.1' ],
52 silly audit   'js-yaml': [ '4.1.1' ],
52 silly audit   'longest-streak': [ '3.1.0' ],
52 silly audit   'lru-cache': [ '11.2.7' ],
52 silly audit   'magic-string': [ '0.30.21' ],
52 silly audit   magicast: [ '0.5.2' ],
52 silly audit   'markdown-extensions': [ '2.0.0' ],
52 silly audit   'markdown-table': [ '3.0.4' ],
52 silly audit   'mdast-util-definitions': [ '6.0.0' ],
52 silly audit   'mdast-util-find-and-replace': [ '3.0.2' ],
52 silly audit   'mdast-util-from-markdown': [ '2.0.3' ],
52 silly audit   'mdast-util-gfm': [ '3.1.0' ],
52 silly audit   'mdast-util-gfm-autolink-literal': [ '2.0.1' ],
52 silly audit   'mdast-util-gfm-footnote': [ '2.1.0' ],
52 silly audit   'mdast-util-gfm-strikethrough': [ '2.0.0' ],
52 silly audit   'mdast-util-gfm-table': [ '2.0.0' ],
52 silly audit   'mdast-util-gfm-task-list-item': [ '2.0.0' ],
52 silly audit   'mdast-util-mdx': [ '3.0.0' ],
52 silly audit   'mdast-util-mdx-expression': [ '2.0.1' ],
52 silly audit   'mdast-util-mdx-jsx': [ '3.2.0' ],
52 silly audit   'mdast-util-mdxjs-esm': [ '2.0.1' ],
52 silly audit   'mdast-util-phrasing': [ '4.1.0' ],
52 silly audit   'mdast-util-to-hast': [ '13.2.1' ],
52 silly audit   'mdast-util-to-markdown': [ '2.1.2' ],
52 silly audit   'mdast-util-to-string': [ '4.0.0' ],
52 silly audit   micromark: [ '4.0.2' ],
52 silly audit   'micromark-core-commonmark': [ '2.0.3' ],
52 silly audit   'micromark-extension-gfm': [ '3.0.0' ],
52 silly audit   'micromark-extension-gfm-autolink-literal': [ '2.1.0' ],
52 silly audit   'micromark-extension-gfm-footnote': [ '2.1.0' ],
52 silly audit   'micromark-extension-gfm-strikethrough': [ '2.1.0' ],
52 silly audit   'micromark-extension-gfm-table': [ '2.1.1' ],
52 silly audit   'micromark-extension-gfm-tagfilter': [ '2.0.0' ],
52 silly audit   'micromark-extension-gfm-task-list-item': [ '2.1.0' ],
52 silly audit   'micromark-extension-mdx-expression': [ '3.0.1' ],
52 silly audit   'micromark-extension-mdx-jsx': [ '3.0.2' ],
52 silly audit   'micromark-extension-mdx-md': [ '2.0.0' ],
52 silly audit   'micromark-extension-mdxjs': [ '3.0.0' ],
52 silly audit   'micromark-extension-mdxjs-esm': [ '3.0.0' ],
52 silly audit   'micromark-factory-destination': [ '2.0.1' ],
52 silly audit   'micromark-factory-label': [ '2.0.1' ],
52 silly audit   'micromark-factory-mdx-expression': [ '2.0.3' ],
52 silly audit   'micromark-factory-space': [ '2.0.1' ],
52 silly audit   'micromark-factory-title': [ '2.0.1' ],
52 silly audit   'micromark-factory-whitespace': [ '2.0.1' ],
52 silly audit   'micromark-util-character': [ '2.1.1' ],
52 silly audit   'micromark-util-chunked': [ '2.0.1' ],
52 silly audit   'micromark-util-classify-character': [ '2.0.1' ],
52 silly audit   'micromark-util-combine-extensions': [ '2.0.1' ],
52 silly audit   'micromark-util-decode-numeric-character-reference': [ '2.0.2' ],
52 silly audit   'micromark-util-decode-string': [ '2.0.1' ],
52 silly audit   'micromark-util-encode': [ '2.0.1' ],
52 silly audit   'micromark-util-events-to-acorn': [ '2.0.3' ],
52 silly audit   'micromark-util-html-tag-name': [ '2.0.1' ],
52 silly audit   'micromark-util-normalize-identifier': [ '2.0.1' ],
52 silly audit   'micromark-util-resolve-all': [ '2.0.1' ],
52 silly audit   'micromark-util-sanitize-uri': [ '2.0.1' ],
52 silly audit   'micromark-util-subtokenize': [ '2.1.0' ],
52 silly audit   'micromark-util-symbol': [ '2.0.1' ],
52 silly audit   'micromark-util-types': [ '2.0.2' ],
52 silly audit   mrmime: [ '2.0.1' ],
52 silly audit   ms: [ '2.1.3' ],
52 silly audit   nanoid: [ '3.3.11' ],
52 silly audit   neotraverse: [ '0.6.18' ],
52 silly audit   'nlcst-to-string': [ '4.0.0' ],
52 silly audit   'node-fetch-native': [ '1.6.7' ],
52 silly audit   'node-mock-http': [ '1.0.4' ],
52 silly audit   'normalize-path': [ '3.0.0' ],
52 silly audit   'nth-check': [ '2.1.1' ],
52 silly audit   obug: [ '2.1.1' ],
52 silly audit   ofetch: [ '1.5.1' ],
52 silly audit   ohash: [ '2.0.11' ],
52 silly audit   'oniguruma-parser': [ '0.12.1' ],
52 silly audit   'oniguruma-to-es': [ '4.3.5' ],
52 silly audit   'p-limit': [ '7.3.0' ],
52 silly audit   'p-queue': [ '9.1.0' ],
52 silly audit   'p-timeout': [ '7.0.1' ],
52 silly audit   'package-manager-detector': [ '1.6.0' ],
52 silly audit   'parse-entities': [ '4.0.2' ],
52 silly audit   'parse-latin': [ '7.0.0' ],
52 silly audit   parse5: [ '7.3.0' ],
52 silly audit   'path-expression-matcher': [ '1.2.0' ],
52 silly audit   piccolore: [ '0.1.3' ],
52 silly audit   picocolors: [ '1.1.1' ],
52 silly audit   postcss: [ '8.5.8' ],
52 silly audit   prismjs: [ '1.30.0' ],
52 silly audit   'property-information': [ '7.1.0' ],
52 silly audit   radix3: [ '1.1.2' ],
52 silly audit   readdirp: [ '5.0.0' ],
52 silly audit   'recma-build-jsx': [ '1.0.0' ],
52 silly audit   'recma-jsx': [ '1.0.1' ],
52 silly audit   'recma-parse': [ '1.0.0' ],
52 silly audit   'recma-stringify': [ '1.0.0' ],
52 silly audit   regex: [ '6.1.0' ],
52 silly audit   'regex-recursion': [ '6.0.2' ],
52 silly audit   'regex-utilities': [ '2.3.0' ],
52 silly audit   rehype: [ '13.0.2' ],
52 silly audit   'rehype-parse': [ '9.0.1' ],
52 silly audit   'rehype-raw': [ '7.0.0' ],
52 silly audit   'rehype-recma': [ '1.0.0' ],
52 silly audit   'rehype-stringify': [ '10.0.1' ],
52 silly audit   'remark-gfm': [ '4.0.1' ],
52 silly audit   'remark-mdx': [ '3.1.1' ],
52 silly audit   'remark-parse': [ '11.0.0' ],
52 silly audit   'remark-rehype': [ '11.1.2' ],
52 silly audit   'remark-smartypants': [ '3.0.2' ],
52 silly audit   'remark-stringify': [ '11.0.0' ],
52 silly audit   retext: [ '9.0.0' ],
52 silly audit   'retext-latin': [ '4.0.0' ],
52 silly audit   'retext-smartypants': [ '6.2.0' ],
52 silly audit   'retext-stringify': [ '4.0.0' ],
52 silly audit   rollup: [ '4.59.0' ],
52 silly audit   sax: [ '1.6.0' ],
52 silly audit   semver: [ '7.7.4' ],
52 silly audit   sharp: [ '0.34.5' ],
52 silly audit   shiki: [ '4.0.2' ],
52 silly audit   sisteransi: [ '1.0.5' ],
52 silly audit   sitemap: [ '9.0.1' ],
52 silly audit   'smol-toml': [ '1.6.0' ],
52 silly audit   'source-map': [ '0.7.6' ],
52 silly audit   'source-map-js': [ '1.2.1' ],
52 silly audit   'space-separated-tokens': [ '2.0.2' ],
52 silly audit   'stream-replace-string': [ '2.0.0' ],
52 silly audit   'stringify-entities': [ '4.0.4' ],
52 silly audit   strnum: [ '2.2.1' ],
52 silly audit   'style-to-js': [ '1.1.21' ],
52 silly audit   'style-to-object': [ '1.0.14' ],
52 silly audit   svgo: [ '4.0.1' ],
52 silly audit   'tiny-inflate': [ '1.0.3' ],
52 silly audit   tinyclip: [ '0.1.12' ],
52 silly audit   tinyexec: [ '1.0.4' ],
52 silly audit   tinyglobby: [ '0.2.15' ],
52 silly audit   'trim-lines': [ '3.0.1' ],
52 silly audit   trough: [ '2.2.0' ],
52 silly audit   tsconfck: [ '3.1.6' ],
52 silly audit   tslib: [ '2.8.1' ],
52 silly audit   ufo: [ '1.6.3' ],
52 silly audit   ultrahtml: [ '1.6.0' ],
52 silly audit   uncrypto: [ '0.1.3' ],
52 silly audit   'undici-types': [ '7.16.0' ],
52 silly audit   unified: [ '11.0.5' ],
52 silly audit   unifont: [ '0.7.4' ],
52 silly audit   'unist-util-find-after': [ '5.0.0' ],
52 silly audit   'unist-util-is': [ '6.0.1' ],
52 silly audit   'unist-util-modify-children': [ '4.0.0' ],
52 silly audit   'unist-util-position': [ '5.0.0' ],
52 silly audit   'unist-util-position-from-estree': [ '2.0.0' ],
52 silly audit   'unist-util-remove-position': [ '5.0.0' ],
52 silly audit   'unist-util-stringify-position': [ '4.0.0' ],
52 silly audit   'unist-util-visit': [ '5.1.0' ],
52 silly audit   'unist-util-visit-children': [ '3.0.0' ],
52 silly audit   'unist-util-visit-parents': [ '6.0.2' ],
52 silly audit   unstorage: [ '1.17.4' ],
52 silly audit   vfile: [ '6.0.3' ],
52 silly audit   'vfile-location': [ '5.0.3' ],
52 silly audit   'vfile-message': [ '4.0.3' ],
52 silly audit   vite: [ '7.3.1' ],
52 silly audit   vitefu: [ '1.1.2' ],
52 silly audit   'web-namespaces': [ '2.0.1' ],
52 silly audit   'which-pm-runs': [ '1.1.0' ],
52 silly audit   'xxhash-wasm': [ '1.1.0' ],
52 silly audit   'yargs-parser': [ '22.0.0' ],
52 silly audit   'yocto-queue': [ '1.2.2' ],
52 silly audit   zod: [ '4.3.6' ],
52 silly audit   zwitch: [ '2.0.4' ],
52 silly audit   pagefind: [ '1.4.0' ],
52 silly audit   '@pagefind/darwin-arm64': [ '1.4.0' ],
52 silly audit   '@pagefind/darwin-x64': [ '1.4.0' ],
52 silly audit   '@pagefind/freebsd-x64': [ '1.4.0' ],
52 silly audit   '@pagefind/linux-arm64': [ '1.4.0' ],
52 silly audit   '@pagefind/linux-x64': [ '1.4.0' ],
52 silly audit   '@pagefind/windows-x64': [ '1.4.0' ]
52 silly audit }
53 http cache @pagefind/windows-x64@https://registry.npmjs.org/@pagefind/windows-x64/-/windows-x64-1.4.0.tgz 0ms (cache hit)
54 http cache pagefind@https://registry.npmjs.org/pagefind/-/pagefind-1.4.0.tgz 0ms (cache hit)
55 silly tarball no local data for @pagefind/windows-x64@https://registry.npmjs.org/@pagefind/windows-x64/-/windows-x64-1.4.0.tgz. Extracting by manifest.
56 silly tarball no local data for pagefind@https://registry.npmjs.org/pagefind/-/pagefind-1.4.0.tgz. Extracting by manifest.
57 http fetch POST 200 https://registry.npmjs.org/-/npm/v1/security/advisories/bulk 237ms
58 silly audit report {
58 silly audit report   'fast-xml-parser': [
58 silly audit report     {
58 silly audit report       id: 1114952,
58 silly audit report       url: 'https://github.com/advisories/GHSA-jp2q-39xq-3w4g',
58 silly audit report       title: 'Entity Expansion Limits Bypassed When Set to Zero Due to JavaScript Falsy Evaluation in fast-xml-parser',
58 silly audit report       severity: 'moderate',
58 silly audit report       vulnerable_versions: '>=4.0.0-beta.3 <=5.5.6',
58 silly audit report       cwe: [Array],
58 silly audit report       cvss: [Object]
58 silly audit report     },
58 silly audit report     {
58 silly audit report       id: 1115134,
58 silly audit report       url: 'https://github.com/advisories/GHSA-8gc5-j5rx-235r',
58 silly audit report       title: 'fast-xml-parser affected by numeric entity expansion bypassing all entity expansion limits (incomplete fix for CVE-2026-26278)',
58 silly audit report       severity: 'high',
58 silly audit report       vulnerable_versions: '>=4.0.0-beta.3 <=5.5.5',
58 silly audit report       cwe: [Array],
58 silly audit report       cvss: [Object]
58 silly audit report     }
58 silly audit report   ]
58 silly audit report }
59 silly packumentCache corgi:https://registry.npmjs.org/fast-xml-parser cache-miss
60 http fetch GET 200 https://registry.npmjs.org/pagefind/-/pagefind-1.4.0.tgz 284ms (cache miss)
61 http fetch GET 200 https://registry.npmjs.org/fast-xml-parser 230ms (cache revalidated)
62 silly packumentCache corgi:https://registry.npmjs.org/fast-xml-parser set size:242777 disposed:false
63 silly packumentCache corgi:https://registry.npmjs.org/@astrojs%2frss cache-miss
64 http fetch GET 200 https://registry.npmjs.org/@astrojs%2frss 224ms (cache revalidated)
65 silly packumentCache corgi:https://registry.npmjs.org/@astrojs%2frss set size:110712 disposed:false
66 http fetch GET 200 https://registry.npmjs.org/@pagefind/windows-x64/-/windows-x64-1.4.0.tgz 7698ms (cache miss)
67 silly ADD node_modules/@pagefind/windows-x64
68 silly ADD node_modules/pagefind
69 verbose cwd E:\Desktop\MyBlog
70 verbose os Windows_NT 10.0.26200
71 verbose node v24.3.0
72 verbose npm  v11.11.1
73 verbose exit 0
74 info ok
